<?xml version="1.0" encoding="UTF-8"?>
<!-- Generated by org.testng.reporters.JUnitXMLReporter -->
<testsuite hostname="LAPTOP-8V0N98EI" name="Test" tests="3" failures="1" timestamp="1 Sep 2021 08:44:00 GMT" time="56.08" errors="0">
  <testcase name="feature" time="15.21" classname="runners.MainRunner"/>
  <testcase name="feature" time="10.585" classname="runners.MainRunner"/>
  <testcase name="feature" time="29.563" classname="runners.MainRunner">
    <failure type="cucumber.runtime.CucumberException" message="java.lang.AssertionError: Unable to wait and click on the WebElement, using locator: &amp;lt;[[ChromeDriver: chrome on WINDOWS (0a8dab787acd0cbf884736c6f09ddd65)] -&amp;gt; xpath: //button[contains(text(),&amp;apos;Search for Bus&amp;apos;)]]&amp;gt;">
      <![CDATA[cucumber.runtime.CucumberException: java.lang.AssertionError: Unable to wait and click on the WebElement, using locator: <[[ChromeDriver: chrome on WINDOWS (0a8dab787acd0cbf884736c6f09ddd65)] -> xpath: //button[contains(text(),'Search for Bus')]]]]><![CDATA[>
	at cucumber.api.testng.TestNGCucumberRunner.runCucumber(TestNGCucumberRunner.java:69)
	at cucumber.api.testng.AbstractTestNGCucumberTests.feature(AbstractTestNGCucumberTests.java:21)
	at sun.reflect.NativeMethodAccessorImpl.invoke0(Native Method)
	at sun.reflect.NativeMethodAccessorImpl.invoke(NativeMethodAccessorImpl.java:62)
	at sun.reflect.DelegatingMethodAccessorImpl.invoke(DelegatingMethodAccessorImpl.java:43)
	at java.lang.reflect.Method.invoke(Method.java:498)
	at org.testng.internal.MethodInvocationHelper.invokeMethod(MethodInvocationHelper.java:86)
	at org.testng.internal.Invoker.invokeMethod(Invoker.java:643)
	at org.testng.internal.Invoker.invokeTestMethod(Invoker.java:820)
	at org.testng.internal.Invoker.invokeTestMethods(Invoker.java:1128)
	at org.testng.internal.TestMethodWorker.invokeTestMethods(TestMethodWorker.java:129)
	at org.testng.internal.TestMethodWorker.run(TestMethodWorker.java:112)
	at org.testng.TestRunner.privateRun(TestRunner.java:782)
	at org.testng.TestRunner.run(TestRunner.java:632)
	at org.testng.SuiteRunner.runTest(SuiteRunner.java:366)
	at org.testng.SuiteRunner.runSequentially(SuiteRunner.java:361)
	at org.testng.SuiteRunner.privateRun(SuiteRunner.java:319)
	at org.testng.SuiteRunner.run(SuiteRunner.java:268)
	at org.testng.SuiteRunnerWorker.runSuite(SuiteRunnerWorker.java:52)
	at org.testng.SuiteRunnerWorker.run(SuiteRunnerWorker.java:86)
	at org.testng.TestNG.runSuitesSequentially(TestNG.java:1244)
	at org.testng.TestNG.runSuitesLocally(TestNG.java:1169)
	at org.testng.TestNG.run(TestNG.java:1064)
	at org.testng.remote.AbstractRemoteTestNG.run(AbstractRemoteTestNG.java:132)
	at org.testng.remote.RemoteTestNG.initAndRun(RemoteTestNG.java:236)
	at org.testng.remote.RemoteTestNG.main(RemoteTestNG.java:81)
Caused by: java.lang.AssertionError: Unable to wait and click on the WebElement, using locator: <[[ChromeDriver: chrome on WINDOWS (0a8dab787acd0cbf884736c6f09ddd65)] -> xpath: //button[contains(text(),'Search for Bus')]]]]><![CDATA[>
	at org.junit.Assert.fail(Assert.java:88)
	at pageObjects.BasePage.waitAndClickElement(BasePage.java:59)
	at pageObjects.BusSearch_Page.clickOnSearchButton(BusSearch_Page.java:96)
	at stepDefinitions.BusSearch_Steps.user_clicks_on_the_search_bus_button(BusSearch_Steps.java:37)
	at âœ½.When User clicks on the search bus button(searchBusFeature_KSRTC.feature:10)
]]>
    </failure>
  </testcase> <!-- feature -->
</testsuite> <!-- Test -->
