<!DOCTYPE html PUBLIC "-//W3C//DTD XHTML 1.1//EN" "http://www.w3.org/TR/xhtml11/DTD/xhtml11.dtd">
<html xmlns="http://www.w3.org/1999/xhtml"><head><title>TestNG Report</title><style type="text/css">table {margin-bottom:10px;border-collapse:collapse;empty-cells:show}th,td {border:1px solid #009;padding:.25em .5em}th {vertical-align:bottom}td {vertical-align:top}table a {font-weight:bold}.stripe td {background-color: #E6EBF9}.num {text-align:right}.passedodd td {background-color: #3F3}.passedeven td {background-color: #0A0}.skippedodd td {background-color: #DDD}.skippedeven td {background-color: #CCC}.failedodd td,.attn {background-color: #F33}.failedeven td,.stripe .attn {background-color: #D00}.stacktrace {white-space:pre;font-family:monospace}.totop {font-size:85%;text-align:center;border-bottom:2px solid #000}</style></head><body><table><tr><th>Test</th><th># Passed</th><th># Skipped</th><th># Failed</th><th>Time (ms)</th><th>Included Groups</th><th>Excluded Groups</th></tr><tr><th colspan="7">Cucumber Framework</th></tr><tr><td><a href="#t0">Cucumber Tests</a></td><td class="num">2</td><td class="num">0</td><td class="num attn">1</td><td class="num">70,420</td><td></td><td></td></tr></table><table><thead><tr><th>Class</th><th>Method</th><th>Start</th><th>Time (ms)</th></tr></thead><tbody><tr><th colspan="4">Cucumber Framework</th></tr></tbody><tbody id="t0"><tr><th colspan="4">Cucumber Tests &#8212; failed</th></tr><tr class="failedeven"><td rowspan="1">runners.MainRunner</td><td><a href="#m0">feature</a></td><td rowspan="1">1630502183181</td><td rowspan="1">43377</td></tr><tr><th colspan="4">Cucumber Tests &#8212; passed</th></tr><tr class="passedeven"><td rowspan="2">runners.MainRunner</td><td><a href="#m1">feature</a></td><td rowspan="2">1630502171198</td><td rowspan="2">11981</td></tr><tr class="passedeven"><td><a href="#m2">feature</a></td></tr></tbody></table><h2>Cucumber Tests</h2><h3 id="m0">runners.MainRunner#feature</h3><table class="result"><tr class="param"><th>Parameter #1</th></tr><tr class="param stripe"><td>Search Bus for a particular route in KSRTC</td></tr><tr><th>Exception</th></tr><tr><td><div class="stacktrace">cucumber.runtime.CucumberException: java.lang.AssertionError: WebElement is NOT visible, Exception: Expected condition failed: waiting for visibility of Proxy element for: DefaultElementLocator &apos;By.xpath: //div[contains(text(),&apos;Note: Seat availability is displayed based on minimum distance criteria in advance booking.&apos;)]&apos; (tried for 15 second(s) with 500 MILLISECONDS interval)
	at cucumber.api.testng.TestNGCucumberRunner.runCucumber(TestNGCucumberRunner.java:69)
	at cucumber.api.testng.AbstractTestNGCucumberTests.feature(AbstractTestNGCucumberTests.java:21)
	at sun.reflect.NativeMethodAccessorImpl.invoke0(Native Method)
	at sun.reflect.NativeMethodAccessorImpl.invoke(NativeMethodAccessorImpl.java:62)
	at sun.reflect.DelegatingMethodAccessorImpl.invoke(DelegatingMethodAccessorImpl.java:43)
	at java.lang.reflect.Method.invoke(Method.java:498)
	at org.testng.internal.MethodInvocationHelper.invokeMethod(MethodInvocationHelper.java:86)
	at org.testng.internal.Invoker.invokeMethod(Invoker.java:643)
	at org.testng.internal.Invoker.invokeTestMethod(Invoker.java:820)
	at org.testng.internal.Invoker.invokeTestMethods(Invoker.java:1128)
	at org.testng.internal.TestMethodWorker.invokeTestMethods(TestMethodWorker.java:129)
	at org.testng.internal.TestMethodWorker.run(TestMethodWorker.java:112)
	at org.testng.TestRunner.privateRun(TestRunner.java:782)
	at org.testng.TestRunner.run(TestRunner.java:632)
	at org.testng.SuiteRunner.runTest(SuiteRunner.java:366)
	at org.testng.SuiteRunner.runSequentially(SuiteRunner.java:361)
	at org.testng.SuiteRunner.privateRun(SuiteRunner.java:319)
	at org.testng.SuiteRunner.run(SuiteRunner.java:268)
	at org.testng.SuiteRunnerWorker.runSuite(SuiteRunnerWorker.java:52)
	at org.testng.SuiteRunnerWorker.run(SuiteRunnerWorker.java:86)
	at org.testng.TestNG.runSuitesSequentially(TestNG.java:1244)
	at org.testng.TestNG.runSuitesLocally(TestNG.java:1169)
	at org.testng.TestNG.run(TestNG.java:1064)
	at org.testng.remote.AbstractRemoteTestNG.run(AbstractRemoteTestNG.java:132)
	at org.testng.remote.RemoteTestNG.initAndRun(RemoteTestNG.java:236)
	at org.testng.remote.RemoteTestNG.main(RemoteTestNG.java:81)
Caused by: java.lang.AssertionError: WebElement is NOT visible, Exception: Expected condition failed: waiting for visibility of Proxy element for: DefaultElementLocator &apos;By.xpath: //div[contains(text(),&apos;Note: Seat availability is displayed based on minimum distance criteria in advance booking.&apos;)]&apos; (tried for 15 second(s) with 500 MILLISECONDS interval)
	at org.junit.Assert.fail(Assert.java:88)
	at pageObjects.BasePage.WaitUntilWebElementIsVisible(BasePage.java:247)
	at pageObjects.BusSearch_Page.confirmSearchWasSuccessful(BusSearch_Page.java:73)
	at stepDefinitions.BusSearch_Steps.user_successfully_navigates_to_the_next_page_with_list_of_buses(BusSearch_Steps.java:42)
	at ?.Then User successfully navigates to the next page with list of buses(searchBusFeature_KSRTC.feature:11)
</div></td></tr></table><p class="totop"><a href="#summary">back to summary</a></p><h3 id="m1">runners.MainRunner#feature</h3><table class="result"><tr class="param"><th>Parameter #1</th></tr><tr class="param stripe"><td>Login to KSRTC account with invalid credentials</td></tr></table><p class="totop"><a href="#summary">back to summary</a></p><h3 id="m2">runners.MainRunner#feature</h3><table class="result"><tr class="param"><th>Parameter #1</th></tr><tr class="param stripe"><td>Login to KSRTC account with valid credentials</td></tr></table><p class="totop"><a href="#summary">back to summary</a></p></body></html>