<?xml version="1.0" encoding="UTF-8"?>
<testng-results skipped="0" failed="1" total="3" passed="2">
  <reporter-output>
  </reporter-output>
  <suite name="Cucumber Framework" duration-ms="70420" started-at="2021-09-01T13:15:58Z" finished-at="2021-09-01T13:17:08Z">
    <groups>
      <group name="cucumber">
        <method signature="AbstractTestNGCucumberTests.feature(cucumber.api.testng.CucumberFeatureWrapper)[pri:0, instance:runners.MainRunner@799d4f69]" name="feature" class="cucumber.api.testng.AbstractTestNGCucumberTests"/>
      </group> <!-- cucumber -->
    </groups>
    <test name="Cucumber Tests" duration-ms="70420" started-at="2021-09-01T13:15:58Z" finished-at="2021-09-01T13:17:08Z">
      <class name="runners.MainRunner">
        <test-method status="PASS" signature="setUpClass()[pri:0, instance:runners.MainRunner@799d4f69]" name="setUpClass" is-config="true" duration-ms="219" started-at="2021-09-01T18:45:58Z" finished-at="2021-09-01T18:45:58Z">
          <reporter-output>
          </reporter-output>
        </test-method> <!-- setUpClass -->
        <test-method status="PASS" signature="feature(cucumber.api.testng.CucumberFeatureWrapper)[pri:0, instance:runners.MainRunner@799d4f69]" name="feature" duration-ms="12846" started-at="2021-09-01T18:45:58Z" description="Runs Cucumber Feature" data-provider="features" finished-at="2021-09-01T18:46:11Z">
          <params>
            <param index="0">
              <value>
                <![CDATA[Login to KSRTC account with valid credentials]]>
              </value>
            </param>
          </params>
          <reporter-output>
          </reporter-output>
        </test-method> <!-- feature -->
        <test-method status="PASS" signature="feature(cucumber.api.testng.CucumberFeatureWrapper)[pri:0, instance:runners.MainRunner@799d4f69]" name="feature" duration-ms="11981" started-at="2021-09-01T18:46:11Z" description="Runs Cucumber Feature" data-provider="features" finished-at="2021-09-01T18:46:23Z">
          <params>
            <param index="0">
              <value>
                <![CDATA[Login to KSRTC account with invalid credentials]]>
              </value>
            </param>
          </params>
          <reporter-output>
          </reporter-output>
        </test-method> <!-- feature -->
        <test-method status="FAIL" signature="feature(cucumber.api.testng.CucumberFeatureWrapper)[pri:0, instance:runners.MainRunner@799d4f69]" name="feature" duration-ms="43377" started-at="2021-09-01T18:46:23Z" description="Runs Cucumber Feature" data-provider="features" finished-at="2021-09-01T18:47:06Z">
          <params>
            <param index="0">
              <value>
                <![CDATA[Search Bus for a particular route in KSRTC]]>
              </value>
            </param>
          </params>
          <exception class="cucumber.runtime.CucumberException">
            <message>
              <![CDATA[java.lang.AssertionError: WebElement is NOT visible, Exception: Expected condition failed: waiting for visibility of Proxy element for: DefaultElementLocator 'By.xpath: //div[contains(text(),'Note: Seat availability is displayed based on minimum distance criteria in advance booking.')]' (tried for 15 second(s) with 500 MILLISECONDS interval)]]>
            </message>
            <full-stacktrace>
              <![CDATA[cucumber.runtime.CucumberException: java.lang.AssertionError: WebElement is NOT visible, Exception: Expected condition failed: waiting for visibility of Proxy element for: DefaultElementLocator 'By.xpath: //div[contains(text(),'Note: Seat availability is displayed based on minimum distance criteria in advance booking.')]' (tried for 15 second(s) with 500 MILLISECONDS interval)
	at cucumber.api.testng.TestNGCucumberRunner.runCucumber(TestNGCucumberRunner.java:69)
	at cucumber.api.testng.AbstractTestNGCucumberTests.feature(AbstractTestNGCucumberTests.java:21)
	at sun.reflect.NativeMethodAccessorImpl.invoke0(Native Method)
	at sun.reflect.NativeMethodAccessorImpl.invoke(NativeMethodAccessorImpl.java:62)
	at sun.reflect.DelegatingMethodAccessorImpl.invoke(DelegatingMethodAccessorImpl.java:43)
	at java.lang.reflect.Method.invoke(Method.java:498)
	at org.testng.internal.MethodInvocationHelper.invokeMethod(MethodInvocationHelper.java:86)
	at org.testng.internal.Invoker.invokeMethod(Invoker.java:643)
	at org.testng.internal.Invoker.invokeTestMethod(Invoker.java:820)
	at org.testng.internal.Invoker.invokeTestMethods(Invoker.java:1128)
	at org.testng.internal.TestMethodWorker.invokeTestMethods(TestMethodWorker.java:129)
	at org.testng.internal.TestMethodWorker.run(TestMethodWorker.java:112)
	at org.testng.TestRunner.privateRun(TestRunner.java:782)
	at org.testng.TestRunner.run(TestRunner.java:632)
	at org.testng.SuiteRunner.runTest(SuiteRunner.java:366)
	at org.testng.SuiteRunner.runSequentially(SuiteRunner.java:361)
	at org.testng.SuiteRunner.privateRun(SuiteRunner.java:319)
	at org.testng.SuiteRunner.run(SuiteRunner.java:268)
	at org.testng.SuiteRunnerWorker.runSuite(SuiteRunnerWorker.java:52)
	at org.testng.SuiteRunnerWorker.run(SuiteRunnerWorker.java:86)
	at org.testng.TestNG.runSuitesSequentially(TestNG.java:1244)
	at org.testng.TestNG.runSuitesLocally(TestNG.java:1169)
	at org.testng.TestNG.run(TestNG.java:1064)
	at org.testng.remote.AbstractRemoteTestNG.run(AbstractRemoteTestNG.java:132)
	at org.testng.remote.RemoteTestNG.initAndRun(RemoteTestNG.java:236)
	at org.testng.remote.RemoteTestNG.main(RemoteTestNG.java:81)
Caused by: java.lang.AssertionError: WebElement is NOT visible, Exception: Expected condition failed: waiting for visibility of Proxy element for: DefaultElementLocator 'By.xpath: //div[contains(text(),'Note: Seat availability is displayed based on minimum distance criteria in advance booking.')]' (tried for 15 second(s) with 500 MILLISECONDS interval)
	at org.junit.Assert.fail(Assert.java:88)
	at pageObjects.BasePage.WaitUntilWebElementIsVisible(BasePage.java:247)
	at pageObjects.BusSearch_Page.confirmSearchWasSuccessful(BusSearch_Page.java:73)
	at stepDefinitions.BusSearch_Steps.user_successfully_navigates_to_the_next_page_with_list_of_buses(BusSearch_Steps.java:42)
	at âœ½.Then User successfully navigates to the next page with list of buses(searchBusFeature_KSRTC.feature:11)
]]>
            </full-stacktrace>
          </exception> <!-- cucumber.runtime.CucumberException -->
          <reporter-output>
          </reporter-output>
        </test-method> <!-- feature -->
        <test-method status="PASS" signature="tearDownClass()[pri:0, instance:runners.MainRunner@799d4f69]" name="tearDownClass" is-config="true" duration-ms="436" started-at="2021-09-01T18:47:08Z" finished-at="2021-09-01T18:47:08Z">
          <reporter-output>
          </reporter-output>
        </test-method> <!-- tearDownClass -->
      </class> <!-- runners.MainRunner -->
    </test> <!-- Cucumber Tests -->
  </suite> <!-- Cucumber Framework -->
</testng-results>
